# JRE version: OpenJDK Runtime Environment Temurin-17.0.1+12 (17.0.1+12) (build 17.0.1+12)
# Java VM: OpenJDK 64-Bit Server VM Temurin-17.0.1+12 (17.0.1+12, mixed mode, tiered, compressed oops, compressed class ptrs, g1 gc, windows-amd64)
GC Precious Log:
 CPUs: 8 total, 8 available
 Memory: 7874M
 Large Page Support: Disabled
 NUMA Support: Disabled
 Compressed Oops: Enabled (32-bit)
 Heap Region Size: 1M
 Heap Min Capacity: 8M
 Heap Initial Capacity: 124M
 Heap Max Capacity: 1970M
 Pre-touch: Disabled
 Parallel Workers: 8
 Concurrent Workers: 2
 Concurrent Refinement Workers: 8
 Periodic GC: Disabled
Heap:
 garbage-first heap   total 128000K, used 50955K [0x0000000084e00000, 0x0000000100000000)
  region size 1024K, 18 young (18432K), 2 survivors (2048K)
 Metaspace       used 70836K, committed 71232K, reserved 1114112K
  class space    used 8585K, committed 8768K, reserved 1048576K
GC Heap History (20 events):
Event: 10705.748 GC heap before
{Heap before GC invocations=1990 (full 0):
 garbage-first heap   total 128000K, used 110540K [0x0000000084e00000, 0x0000000100000000)
  region size 1024K, 75 young (76800K), 1 survivors (1024K)
 Metaspace       used 70769K, committed 71168K, reserved 1114112K
  class space    used 8584K, committed 8768K, reserved 1048576K
}
Event: 10705.751 GC heap after
{Heap after GC invocations=1991 (full 0):
 garbage-first heap   total 128000K, used 36074K [0x0000000084e00000, 0x0000000100000000)
  region size 1024K, 2 young (2048K), 2 survivors (2048K)
 Metaspace       used 70769K, committed 71168K, reserved 1114112K
  class space    used 8584K, committed 8768K, reserved 1048576K
}
Event: 10706.034 GC heap before
{Heap before GC invocations=1991 (full 0):
 garbage-first heap   total 128000K, used 109802K [0x0000000084e00000, 0x0000000100000000)
  region size 1024K, 74 young (75776K), 2 survivors (2048K)
 Metaspace       used 70769K, committed 71168K, reserved 1114112K
  class space    used 8584K, committed 8768K, reserved 1048576K
}
Event: 10706.035 GC heap after
{Heap after GC invocations=1992 (full 0):
 garbage-first heap   total 128000K, used 35634K [0x0000000084e00000, 0x0000000100000000)
  region size 1024K, 2 young (2048K), 2 survivors (2048K)
 Metaspace       used 70769K, committed 71168K, reserved 1114112K
  class space    used 8584K, committed 8768K, reserved 1048576K
}
Event: 10706.372 GC heap before
{Heap before GC invocations=1992 (full 0):
 garbage-first heap   total 128000K, used 109362K [0x0000000084e00000, 0x0000000100000000)
  region size 1024K, 74 young (75776K), 2 survivors (2048K)
 Metaspace       used 70769K, committed 71168K, reserved 1114112K
  class space    used 8584K, committed 8768K, reserved 1048576K
}
Event: 10706.374 GC heap after
{Heap after GC invocations=1993 (full 0):
 garbage-first heap   total 128000K, used 35628K [0x0000000084e00000, 0x0000000100000000)
  region size 1024K, 2 young (2048K), 2 survivors (2048K)
 Metaspace       used 70769K, committed 71168K, reserved 1114112K
  class space    used 8584K, committed 8768K, reserved 1048576K
}
Event: 10706.675 GC heap before
{Heap before GC invocations=1993 (full 0):
 garbage-first heap   total 128000K, used 109356K [0x0000000084e00000, 0x0000000100000000)
  region size 1024K, 74 young (75776K), 2 survivors (2048K)
 Metaspace       used 70769K, committed 71168K, reserved 1114112K
  class space    used 8584K, committed 8768K, reserved 1048576K
}
Event: 10706.676 GC heap after
{Heap after GC invocations=1994 (full 0):
 garbage-first heap   total 128000K, used 35127K [0x0000000084e00000, 0x0000000100000000)
  region size 1024K, 1 young (1024K), 1 survivors (1024K)
 Metaspace       used 70769K, committed 71168K, reserved 1114112K
  class space    used 8584K, committed 8768K, reserved 1048576K
}
Event: 10707.039 GC heap before
{Heap before GC invocations=1994 (full 0):
 garbage-first heap   total 128000K, used 109879K [0x0000000084e00000, 0x0000000100000000)
  region size 1024K, 74 young (75776K), 1 survivors (1024K)
 Metaspace       used 70769K, committed 71168K, reserved 1114112K
  class space    used 8584K, committed 8768K, reserved 1048576K
}
Event: 10707.042 GC heap after
{Heap after GC invocations=1995 (full 0):
 garbage-first heap   total 128000K, used 35820K [0x0000000084e00000, 0x0000000100000000)
  region size 1024K, 2 young (2048K), 2 survivors (2048K)
 Metaspace       used 70769K, committed 71168K, reserved 1114112K
  class space    used 8584K, committed 8768K, reserved 1048576K
}
Event: 10707.346 GC heap before
{Heap before GC invocations=1995 (full 0):
 garbage-first heap   total 128000K, used 109548K [0x0000000084e00000, 0x0000000100000000)
  region size 1024K, 74 young (75776K), 2 survivors (2048K)
 Metaspace       used 70769K, committed 71168K, reserved 1114112K
  class space    used 8584K, committed 8768K, reserved 1048576K
}
Event: 10707.348 GC heap after
{Heap after GC invocations=1996 (full 0):
 garbage-first heap   total 128000K, used 36112K [0x0000000084e00000, 0x0000000100000000)
  region size 1024K, 2 young (2048K), 2 survivors (2048K)
 Metaspace       used 70769K, committed 71168K, reserved 1114112K
  class space    used 8584K, committed 8768K, reserved 1048576K
}
Event: 10707.637 GC heap before
{Heap before GC invocations=1996 (full 0):
 garbage-first heap   total 128000K, used 109840K [0x0000000084e00000, 0x0000000100000000)
  region size 1024K, 74 young (75776K), 2 survivors (2048K)
 Metaspace       used 70769K, committed 71168K, reserved 1114112K
  class space    used 8584K, committed 8768K, reserved 1048576K
}
Event: 10707.639 GC heap after
{Heap after GC invocations=1997 (full 0):
 garbage-first heap   total 128000K, used 36123K [0x0000000084e00000, 0x0000000100000000)
  region size 1024K, 2 young (2048K), 2 survivors (2048K)
 Metaspace       used 70769K, committed 71168K, reserved 1114112K
  class space    used 8584K, committed 8768K, reserved 1048576K
}
Event: 10707.975 GC heap before
{Heap before GC invocations=1997 (full 0):
 garbage-first heap   total 128000K, used 109851K [0x0000000084e00000, 0x0000000100000000)
  region size 1024K, 74 young (75776K), 2 survivors (2048K)
 Metaspace       used 70775K, committed 71168K, reserved 1114112K
  class space    used 8585K, committed 8768K, reserved 1048576K
}
Event: 10707.977 GC heap after
{Heap after GC invocations=1998 (full 0):
 garbage-first heap   total 128000K, used 35791K [0x0000000084e00000, 0x0000000100000000)
  region size 1024K, 2 young (2048K), 2 survivors (2048K)
 Metaspace       used 70775K, committed 71168K, reserved 1114112K
  class space    used 8585K, committed 8768K, reserved 1048576K
}
Event: 10708.300 GC heap before
{Heap before GC invocations=1998 (full 0):
 garbage-first heap   total 128000K, used 109519K [0x0000000084e00000, 0x0000000100000000)
  region size 1024K, 74 young (75776K), 2 survivors (2048K)
 Metaspace       used 70777K, committed 71168K, reserved 1114112K
  class space    used 8585K, committed 8768K, reserved 1048576K
}
Event: 10708.301 GC heap after
{Heap after GC invocations=1999 (full 0):
 garbage-first heap   total 128000K, used 35234K [0x0000000084e00000, 0x0000000100000000)
  region size 1024K, 2 young (2048K), 2 survivors (2048K)
 Metaspace       used 70777K, committed 71168K, reserved 1114112K
  class space    used 8585K, committed 8768K, reserved 1048576K
}
Event: 10708.607 GC heap before
{Heap before GC invocations=1999 (full 0):
 garbage-first heap   total 128000K, used 108962K [0x0000000084e00000, 0x0000000100000000)
  region size 1024K, 74 young (75776K), 2 survivors (2048K)
 Metaspace       used 70777K, committed 71168K, reserved 1114112K
  class space    used 8585K, committed 8768K, reserved 1048576K
}
Event: 10708.610 GC heap after
{Heap after GC invocations=2000 (full 0):
 garbage-first heap   total 128000K, used 36297K [0x0000000084e00000, 0x0000000100000000)
  region size 1024K, 3 young (3072K), 3 survivors (3072K)
 Metaspace       used 70777K, committed 71168K, reserved 1114112K
  class space    used 8585K, committed 8768K, reserved 1048576K
}

